Started GET "/" for 127.0.0.1 at 2018-04-21 09:05:52 -0500
  
ActiveRecord::PendingMigrationError (

Migrations are pending. To resolve this issue, run:

        bin/rails db:migrate RAILS_ENV=development

):
  
activerecord (5.1.5) lib/active_record/migration.rb:576:in `check_pending!'
activerecord (5.1.5) lib/active_record/migration.rb:553:in `call'
actionpack (5.1.5) lib/action_dispatch/middleware/callbacks.rb:26:in `block in call'
activesupport (5.1.5) lib/active_support/callbacks.rb:97:in `run_callbacks'
actionpack (5.1.5) lib/action_dispatch/middleware/callbacks.rb:24:in `call'
actionpack (5.1.5) lib/action_dispatch/middleware/executor.rb:12:in `call'
actionpack (5.1.5) lib/action_dispatch/middleware/debug_exceptions.rb:59:in `call'
web-console (3.5.1) lib/web_console/middleware.rb:135:in `call_app'
web-console (3.5.1) lib/web_console/middleware.rb:28:in `block in call'
web-console (3.5.1) lib/web_console/middleware.rb:18:in `catch'
web-console (3.5.1) lib/web_console/middleware.rb:18:in `call'
actionpack (5.1.5) lib/action_dispatch/middleware/show_exceptions.rb:31:in `call'
railties (5.1.5) lib/rails/rack/logger.rb:36:in `call_app'
railties (5.1.5) lib/rails/rack/logger.rb:24:in `block in call'
activesupport (5.1.5) lib/active_support/tagged_logging.rb:69:in `block in tagged'
activesupport (5.1.5) lib/active_support/tagged_logging.rb:26:in `tagged'
activesupport (5.1.5) lib/active_support/tagged_logging.rb:69:in `tagged'
railties (5.1.5) lib/rails/rack/logger.rb:24:in `call'
sprockets-rails (3.2.1) lib/sprockets/rails/quiet_assets.rb:13:in `call'
actionpack (5.1.5) lib/action_dispatch/middleware/remote_ip.rb:79:in `call'
actionpack (5.1.5) lib/action_dispatch/middleware/request_id.rb:25:in `call'
rack (2.0.4) lib/rack/method_override.rb:22:in `call'
rack (2.0.4) lib/rack/runtime.rb:22:in `call'
activesupport (5.1.5) lib/active_support/cache/strategy/local_cache_middleware.rb:27:in `call'
actionpack (5.1.5) lib/action_dispatch/middleware/executor.rb:12:in `call'
actionpack (5.1.5) lib/action_dispatch/middleware/static.rb:125:in `call'
rack (2.0.4) lib/rack/sendfile.rb:111:in `call'
railties (5.1.5) lib/rails/engine.rb:522:in `call'
puma (3.11.2) lib/puma/configuration.rb:225:in `call'
puma (3.11.2) lib/puma/server.rb:624:in `handle_request'
puma (3.11.2) lib/puma/server.rb:438:in `process_client'
puma (3.11.2) lib/puma/server.rb:302:in `block in run'
puma (3.11.2) lib/puma/thread_pool.rb:120:in `block in spawn_thread'
  [1m[35m (0.6ms)[0m  [1m[34mSELECT sqlite_version(*)[0m
  [1m[35m (4.3ms)[0m  [1m[35mCREATE TABLE "schema_migrations" ("version" varchar NOT NULL PRIMARY KEY)[0m
  [1m[35m (3.5ms)[0m  [1m[35mCREATE TABLE "ar_internal_metadata" ("key" varchar NOT NULL PRIMARY KEY, "value" varchar, "created_at" datetime NOT NULL, "updated_at" datetime NOT NULL)[0m
  [1m[35m (0.6ms)[0m  [1m[34mSELECT "schema_migrations"."version" FROM "schema_migrations" ORDER BY "schema_migrations"."version" ASC[0m
Migrating to CreateNodes (20180301143902)
  [1m[35m (0.1ms)[0m  [1m[36mbegin transaction[0m
  [1m[35m (1.5ms)[0m  [1m[35mCREATE TABLE "nodes" ("id" INTEGER PRIMARY KEY AUTOINCREMENT NOT NULL, "name" varchar, "created_at" datetime NOT NULL, "updated_at" datetime NOT NULL)[0m
  [1m[35mSQL (0.3ms)[0m  [1m[32mINSERT INTO "schema_migrations" ("version") VALUES (?)[0m  [["version", "20180301143902"]]
  [1m[35m (1.5ms)[0m  [1m[36mcommit transaction[0m
Migrating to CreateSensors (20180301144014)
  [1m[35m (0.1ms)[0m  [1m[36mbegin transaction[0m
  [1m[35m (1.0ms)[0m  [1m[35mCREATE TABLE "sensors" ("id" INTEGER PRIMARY KEY AUTOINCREMENT NOT NULL, "name" varchar, "node_id" integer, "created_at" datetime NOT NULL, "updated_at" datetime NOT NULL, CONSTRAINT "fk_rails_b0f89de0b1"
FOREIGN KEY ("node_id")
  REFERENCES "nodes" ("id")
)[0m
  [1m[35m (0.2ms)[0m  [1m[35mCREATE  INDEX "index_sensors_on_node_id" ON "sensors" ("node_id")[0m
  [1m[35mSQL (1.1ms)[0m  [1m[32mINSERT INTO "schema_migrations" ("version") VALUES (?)[0m  [["version", "20180301144014"]]
  [1m[35m (1.1ms)[0m  [1m[36mcommit transaction[0m
Migrating to CreateValues (20180301144241)
  [1m[35m (0.1ms)[0m  [1m[36mbegin transaction[0m
  [1m[35m (0.8ms)[0m  [1m[35mCREATE TABLE "values" ("id" INTEGER PRIMARY KEY AUTOINCREMENT NOT NULL, "value" varchar, "sensor_id" integer, "created_at" datetime NOT NULL, "updated_at" datetime NOT NULL, CONSTRAINT "fk_rails_c9f4b04bd8"
FOREIGN KEY ("sensor_id")
  REFERENCES "sensors" ("id")
)[0m
  [1m[35m (0.1ms)[0m  [1m[35mCREATE  INDEX "index_values_on_sensor_id" ON "values" ("sensor_id")[0m
  [1m[35mSQL (0.5ms)[0m  [1m[32mINSERT INTO "schema_migrations" ("version") VALUES (?)[0m  [["version", "20180301144241"]]
  [1m[35m (1.0ms)[0m  [1m[36mcommit transaction[0m
Migrating to DeviseCreateUsers (20180301145848)
  [1m[35m (0.1ms)[0m  [1m[36mbegin transaction[0m
  [1m[35m (0.8ms)[0m  [1m[35mCREATE TABLE "users" ("id" INTEGER PRIMARY KEY AUTOINCREMENT NOT NULL, "email" varchar DEFAULT '' NOT NULL, "encrypted_password" varchar DEFAULT '' NOT NULL, "reset_password_token" varchar, "reset_password_sent_at" datetime, "remember_created_at" datetime, "sign_in_count" integer DEFAULT 0 NOT NULL, "current_sign_in_at" datetime, "last_sign_in_at" datetime, "current_sign_in_ip" varchar, "last_sign_in_ip" varchar, "name" varchar, "position" varchar, "created_at" datetime NOT NULL, "updated_at" datetime NOT NULL)[0m
  [1m[35m (0.5ms)[0m  [1m[35mCREATE UNIQUE INDEX "index_users_on_email" ON "users" ("email")[0m
  [1m[35m (0.8ms)[0m  [1m[34m            SELECT sql
            FROM sqlite_master
            WHERE name='index_users_on_email' AND type='index'
            UNION ALL
            SELECT sql
            FROM sqlite_temp_master
            WHERE name='index_users_on_email' AND type='index'
[0m
  [1m[35m (0.5ms)[0m  [1m[35mCREATE UNIQUE INDEX "index_users_on_reset_password_token" ON "users" ("reset_password_token")[0m
  [1m[35mSQL (0.3ms)[0m  [1m[32mINSERT INTO "schema_migrations" ("version") VALUES (?)[0m  [["version", "20180301145848"]]
  [1m[35m (6.7ms)[0m  [1m[36mcommit transaction[0m
Migrating to CreateCollaborations (20180301182348)
  [1m[35m (0.1ms)[0m  [1m[36mbegin transaction[0m
  [1m[35m (0.8ms)[0m  [1m[35mCREATE TABLE "collaborations" ("id" INTEGER PRIMARY KEY AUTOINCREMENT NOT NULL, "node_id" integer, "user_id" integer, "created_at" datetime NOT NULL, "updated_at" datetime NOT NULL, CONSTRAINT "fk_rails_738a976553"
FOREIGN KEY ("node_id")
  REFERENCES "nodes" ("id")
, CONSTRAINT "fk_rails_3e8ae0af8a"
FOREIGN KEY ("user_id")
  REFERENCES "users" ("id")
)[0m
  [1m[35m (0.2ms)[0m  [1m[35mCREATE  INDEX "index_collaborations_on_node_id" ON "collaborations" ("node_id")[0m
  [1m[35m (0.1ms)[0m  [1m[34m            SELECT sql
            FROM sqlite_master
            WHERE name='index_collaborations_on_node_id' AND type='index'
            UNION ALL
            SELECT sql
            FROM sqlite_temp_master
            WHERE name='index_collaborations_on_node_id' AND type='index'
[0m
  [1m[35m (0.1ms)[0m  [1m[35mCREATE  INDEX "index_collaborations_on_user_id" ON "collaborations" ("user_id")[0m
  [1m[35mSQL (0.3ms)[0m  [1m[32mINSERT INTO "schema_migrations" ("version") VALUES (?)[0m  [["version", "20180301182348"]]
  [1m[35m (1.1ms)[0m  [1m[36mcommit transaction[0m
Migrating to AddReferenceToNode (20180310151801)
  [1m[35m (0.1ms)[0m  [1m[36mbegin transaction[0m
  [1m[35m (0.9ms)[0m  [1m[35mALTER TABLE "nodes" ADD "reference" varchar[0m
  [1m[35mSQL (0.3ms)[0m  [1m[32mINSERT INTO "schema_migrations" ("version") VALUES (?)[0m  [["version", "20180310151801"]]
  [1m[35m (1.5ms)[0m  [1m[36mcommit transaction[0m
  [1m[36mActiveRecord::InternalMetadata Load (0.2ms)[0m  [1m[34mSELECT  "ar_internal_metadata".* FROM "ar_internal_metadata" WHERE "ar_internal_metadata"."key" = ? LIMIT ?[0m  [["key", "environment"], ["LIMIT", 1]]
  [1m[35m (0.1ms)[0m  [1m[36mbegin transaction[0m
  [1m[35mSQL (1.1ms)[0m  [1m[32mINSERT INTO "ar_internal_metadata" ("key", "value", "created_at", "updated_at") VALUES (?, ?, ?, ?)[0m  [["key", "environment"], ["value", "development"], ["created_at", "2018-04-21 14:06:33.463982"], ["updated_at", "2018-04-21 14:06:33.463982"]]
  [1m[35m (1.6ms)[0m  [1m[36mcommit transaction[0m
  [1m[35m (0.2ms)[0m  [1m[34mSELECT "schema_migrations"."version" FROM "schema_migrations" ORDER BY "schema_migrations"."version" ASC[0m
  [1m[35m (0.1ms)[0m  [1m[34m            SELECT sql
            FROM sqlite_master
            WHERE name='index_collaborations_on_user_id' AND type='index'
            UNION ALL
            SELECT sql
            FROM sqlite_temp_master
            WHERE name='index_collaborations_on_user_id' AND type='index'
[0m
  [1m[35m (0.1ms)[0m  [1m[34m            SELECT sql
            FROM sqlite_master
            WHERE name='index_collaborations_on_node_id' AND type='index'
            UNION ALL
            SELECT sql
            FROM sqlite_temp_master
            WHERE name='index_collaborations_on_node_id' AND type='index'
[0m
  [1m[35m (0.2ms)[0m  [1m[34m            SELECT sql
            FROM sqlite_master
            WHERE name='index_sensors_on_node_id' AND type='index'
            UNION ALL
            SELECT sql
            FROM sqlite_temp_master
            WHERE name='index_sensors_on_node_id' AND type='index'
[0m
  [1m[35m (0.1ms)[0m  [1m[34m            SELECT sql
            FROM sqlite_master
            WHERE name='index_users_on_reset_password_token' AND type='index'
            UNION ALL
            SELECT sql
            FROM sqlite_temp_master
            WHERE name='index_users_on_reset_password_token' AND type='index'
[0m
  [1m[35m (0.2ms)[0m  [1m[34m            SELECT sql
            FROM sqlite_master
            WHERE name='index_users_on_email' AND type='index'
            UNION ALL
            SELECT sql
            FROM sqlite_temp_master
            WHERE name='index_users_on_email' AND type='index'
[0m
  [1m[35m (0.1ms)[0m  [1m[34m            SELECT sql
            FROM sqlite_master
            WHERE name='index_values_on_sensor_id' AND type='index'
            UNION ALL
            SELECT sql
            FROM sqlite_temp_master
            WHERE name='index_values_on_sensor_id' AND type='index'
[0m
Started GET "/" for 127.0.0.1 at 2018-04-21 09:06:43 -0500
  [1m[35m (0.3ms)[0m  [1m[34mSELECT "schema_migrations"."version" FROM "schema_migrations" ORDER BY "schema_migrations"."version" ASC[0m
Processing by NodesController#index as HTML
Completed 401 Unauthorized in 27ms (ActiveRecord: 0.0ms)


Started GET "/users/sign_in" for 127.0.0.1 at 2018-04-21 09:06:43 -0500
Processing by Devise::SessionsController#new as HTML
  Rendering devise/sessions/new.html.erb within layouts/application
  Rendered devise/shared/_links.html.erb (2.8ms)
  Rendered devise/sessions/new.html.erb within layouts/application (39.4ms)
  Rendered partials/_navbar.html.erb (1.6ms)
Started GET "/" for 127.0.0.1 at 2018-04-21 09:06:49 -0500
Processing by NodesController#index as HTML
Completed 401 Unauthorized in 2ms (ActiveRecord: 0.0ms)


Started GET "/users/sign_in" for 127.0.0.1 at 2018-04-21 09:06:49 -0500
Processing by Devise::SessionsController#new as HTML
  Rendering devise/sessions/new.html.erb within layouts/application
  Rendered devise/shared/_links.html.erb (4.2ms)
  Rendered devise/sessions/new.html.erb within layouts/application (19.3ms)
  Rendered partials/_navbar.html.erb (2.5ms)
Completed 200 OK in 11034ms (Views: 11001.2ms | ActiveRecord: 0.8ms)


Completed 200 OK in 5361ms (Views: 5358.0ms | ActiveRecord: 0.0ms)


Started POST "/users/sign_in" for 127.0.0.1 at 2018-04-21 09:10:10 -0500
Processing by Devise::SessionsController#create as HTML
  Parameters: {"utf8"=>"✓", "authenticity_token"=>"qBHGp7+rZCoNON+BhHp0dZ/8S4YAg6SopfeuRnusK8vFLPi9gS/Ss61z3LqvNbjz7rJTt2n9rN7PQyk11cLTdg==", "user"=>{"email"=>"msierr37@eafit.edu.co", "password"=>"[FILTERED]", "remember_me"=>"0"}, "commit"=>"Log in"}
  [1m[36mUser Load (1.1ms)[0m  [1m[34mSELECT  "users".* FROM "users" WHERE "users"."email" = ? ORDER BY "users"."id" ASC LIMIT ?[0m  [["email", "msierr37@eafit.edu.co"], ["LIMIT", 1]]
Completed 401 Unauthorized in 17ms (ActiveRecord: 1.1ms)


Processing by Devise::SessionsController#new as HTML
  Parameters: {"utf8"=>"✓", "authenticity_token"=>"qBHGp7+rZCoNON+BhHp0dZ/8S4YAg6SopfeuRnusK8vFLPi9gS/Ss61z3LqvNbjz7rJTt2n9rN7PQyk11cLTdg==", "user"=>{"email"=>"msierr37@eafit.edu.co", "password"=>"[FILTERED]", "remember_me"=>"0"}, "commit"=>"Log in"}
  Rendering devise/sessions/new.html.erb within layouts/application
  Rendered devise/shared/_links.html.erb (2.2ms)
  Rendered devise/sessions/new.html.erb within layouts/application (38.5ms)
  Rendered partials/_navbar.html.erb (4.0ms)
Completed 200 OK in 637ms (Views: 338.4ms | ActiveRecord: 0.0ms)


Started POST "/users/sign_in" for 127.0.0.1 at 2018-04-21 09:10:13 -0500
Processing by Devise::SessionsController#create as HTML
  Parameters: {"utf8"=>"✓", "authenticity_token"=>"JB0lI8xl/+nV0o9lDQ5zf2kuvd5M4vTNukCOc3r7jttJIBs58uFJcHWZjF4mQb/5GGCl7yWc/LvQ9AkA1JV2Zg==", "user"=>{"email"=>"msierr37@eafit.edu.co", "password"=>"[FILTERED]", "remember_me"=>"0"}, "commit"=>"Log in"}
  [1m[36mUser Load (0.4ms)[0m  [1m[34mSELECT  "users".* FROM "users" WHERE "users"."email" = ? ORDER BY "users"."id" ASC LIMIT ?[0m  [["email", "msierr37@eafit.edu.co"], ["LIMIT", 1]]
Completed 401 Unauthorized in 4ms (ActiveRecord: 0.4ms)


Processing by Devise::SessionsController#new as HTML
  Parameters: {"utf8"=>"✓", "authenticity_token"=>"JB0lI8xl/+nV0o9lDQ5zf2kuvd5M4vTNukCOc3r7jttJIBs58uFJcHWZjF4mQb/5GGCl7yWc/LvQ9AkA1JV2Zg==", "user"=>{"email"=>"msierr37@eafit.edu.co", "password"=>"[FILTERED]", "remember_me"=>"0"}, "commit"=>"Log in"}
  Rendering devise/sessions/new.html.erb within layouts/application
  Rendered devise/shared/_links.html.erb (1.4ms)
  Rendered devise/sessions/new.html.erb within layouts/application (7.8ms)
  Rendered partials/_navbar.html.erb (1.4ms)
Completed 200 OK in 324ms (Views: 136.1ms | ActiveRecord: 0.0ms)


Started GET "/users/sign_up" for 127.0.0.1 at 2018-04-21 09:10:17 -0500
Processing by Devise::RegistrationsController#new as HTML
  Rendering devise/registrations/new.html.erb within layouts/application
  Rendered devise/shared/_links.html.erb (1.2ms)
  Rendered devise/registrations/new.html.erb within layouts/application (9.7ms)
  Rendered partials/_navbar.html.erb (0.9ms)
Completed 200 OK in 123ms (Views: 121.1ms | ActiveRecord: 0.0ms)


Started POST "/users" for 127.0.0.1 at 2018-04-21 09:10:24 -0500
Processing by Devise::RegistrationsController#create as HTML
  Parameters: {"utf8"=>"✓", "authenticity_token"=>"U1o0TNtBwtyWhiJN/VUKeVPKy+exHtdGFueYS55GOFw+ZwpW5cV0RTbNIXbWGsb/IoTT1thg3zB8Ux84MCjA4Q==", "user"=>{"email"=>"msierr37@eafit.edu.co", "password"=>"[FILTERED]", "password_confirmation"=>"[FILTERED]"}, "commit"=>"Sign up"}
  [1m[35m (0.1ms)[0m  [1m[36mbegin transaction[0m
  [1m[36mUser Exists (0.4ms)[0m  [1m[34mSELECT  1 AS one FROM "users" WHERE "users"."email" = ? LIMIT ?[0m  [["email", "msierr37@eafit.edu.co"], ["LIMIT", 1]]
  [1m[35mSQL (1.0ms)[0m  [1m[32mINSERT INTO "users" ("email", "encrypted_password", "created_at", "updated_at") VALUES (?, ?, ?, ?)[0m  [["email", "msierr37@eafit.edu.co"], ["encrypted_password", "$2a$11$O1yBTgU4a1tG5sEwY3k3ge/DGQX.J7TLBTRPbDrDmZLIVT1hGg1/i"], ["created_at", "2018-04-21 14:10:24.748877"], ["updated_at", "2018-04-21 14:10:24.748877"]]
  [1m[35m (1.5ms)[0m  [1m[36mcommit transaction[0m
  [1m[35m (0.2ms)[0m  [1m[36mbegin transaction[0m
  [1m[35mSQL (0.6ms)[0m  [1m[33mUPDATE "users" SET "sign_in_count" = ?, "current_sign_in_at" = ?, "last_sign_in_at" = ?, "current_sign_in_ip" = ?, "last_sign_in_ip" = ?, "updated_at" = ? WHERE "users"."id" = ?[0m  [["sign_in_count", 1], ["current_sign_in_at", "2018-04-21 14:10:24.756561"], ["last_sign_in_at", "2018-04-21 14:10:24.756561"], ["current_sign_in_ip", "127.0.0.1"], ["last_sign_in_ip", "127.0.0.1"], ["updated_at", "2018-04-21 14:10:24.763809"], ["id", 1]]
  [1m[35m (1.9ms)[0m  [1m[36mcommit transaction[0m
Redirected to http://localhost:3000/
Completed 302 Found in 316ms (ActiveRecord: 5.7ms)


Started GET "/" for 127.0.0.1 at 2018-04-21 09:10:24 -0500
Processing by NodesController#index as HTML
  [1m[36mUser Load (0.3ms)[0m  [1m[34mSELECT  "users".* FROM "users" WHERE "users"."id" = ? ORDER BY "users"."id" ASC LIMIT ?[0m  [["id", 1], ["LIMIT", 1]]
  Rendering nodes/index.html.erb within layouts/application
  [1m[36mNode Load (0.3ms)[0m  [1m[34mSELECT "nodes".* FROM "nodes" INNER JOIN "collaborations" ON "nodes"."id" = "collaborations"."node_id" WHERE "collaborations"."user_id" = ?[0m  [["user_id", 1]]
  Rendered nodes/index.html.erb within layouts/application (28.8ms)
  Rendered partials/_navbar.html.erb (1.0ms)
Completed 200 OK in 207ms (Views: 149.4ms | ActiveRecord: 2.0ms)


Started GET "/nodes" for 127.0.0.1 at 2018-04-21 09:10:32 -0500
Processing by NodesController#index as HTML
  Parameters: {"authenticity_token"=>"OiHOHBFPwn19UfzMjqS1axNWcjgJDaMebXuBRnLHzhBXHPAGL8t05N0a//el63ntYhhqCWBzq2gHzwY13Kk2rQ=="}
  [1m[36mUser Load (0.4ms)[0m  [1m[34mSELECT  "users".* FROM "users" WHERE "users"."id" = ? ORDER BY "users"."id" ASC LIMIT ?[0m  [["id", 1], ["LIMIT", 1]]
  Rendering nodes/index.html.erb within layouts/application
  [1m[36mNode Load (0.1ms)[0m  [1m[34mSELECT "nodes".* FROM "nodes" INNER JOIN "collaborations" ON "nodes"."id" = "collaborations"."node_id" WHERE "collaborations"."user_id" = ?[0m  [["user_id", 1]]
  Rendered nodes/index.html.erb within layouts/application (2.4ms)
  Rendered partials/_navbar.html.erb (0.7ms)
Completed 200 OK in 86ms (Views: 78.3ms | ActiveRecord: 0.5ms)


Started GET "/farms" for 127.0.0.1 at 2018-04-21 09:24:11 -0500
  [1m[35m (0.2ms)[0m  [1m[34mSELECT "schema_migrations"."version" FROM "schema_migrations" ORDER BY "schema_migrations"."version" ASC[0m
  
ActiveRecord::PendingMigrationError (

Migrations are pending. To resolve this issue, run:

        bin/rails db:migrate RAILS_ENV=development

):
  
activerecord (5.1.5) lib/active_record/migration.rb:576:in `check_pending!'
activerecord (5.1.5) lib/active_record/migration.rb:553:in `call'
actionpack (5.1.5) lib/action_dispatch/middleware/callbacks.rb:26:in `block in call'
activesupport (5.1.5) lib/active_support/callbacks.rb:97:in `run_callbacks'
actionpack (5.1.5) lib/action_dispatch/middleware/callbacks.rb:24:in `call'
actionpack (5.1.5) lib/action_dispatch/middleware/executor.rb:12:in `call'
actionpack (5.1.5) lib/action_dispatch/middleware/debug_exceptions.rb:59:in `call'
web-console (3.5.1) lib/web_console/middleware.rb:135:in `call_app'
web-console (3.5.1) lib/web_console/middleware.rb:28:in `block in call'
web-console (3.5.1) lib/web_console/middleware.rb:18:in `catch'
web-console (3.5.1) lib/web_console/middleware.rb:18:in `call'
actionpack (5.1.5) lib/action_dispatch/middleware/show_exceptions.rb:31:in `call'
railties (5.1.5) lib/rails/rack/logger.rb:36:in `call_app'
railties (5.1.5) lib/rails/rack/logger.rb:24:in `block in call'
activesupport (5.1.5) lib/active_support/tagged_logging.rb:69:in `block in tagged'
activesupport (5.1.5) lib/active_support/tagged_logging.rb:26:in `tagged'
activesupport (5.1.5) lib/active_support/tagged_logging.rb:69:in `tagged'
railties (5.1.5) lib/rails/rack/logger.rb:24:in `call'
sprockets-rails (3.2.1) lib/sprockets/rails/quiet_assets.rb:13:in `call'
actionpack (5.1.5) lib/action_dispatch/middleware/remote_ip.rb:79:in `call'
actionpack (5.1.5) lib/action_dispatch/middleware/request_id.rb:25:in `call'
rack (2.0.4) lib/rack/method_override.rb:22:in `call'
rack (2.0.4) lib/rack/runtime.rb:22:in `call'
activesupport (5.1.5) lib/active_support/cache/strategy/local_cache_middleware.rb:27:in `call'
actionpack (5.1.5) lib/action_dispatch/middleware/executor.rb:12:in `call'
actionpack (5.1.5) lib/action_dispatch/middleware/static.rb:125:in `call'
rack (2.0.4) lib/rack/sendfile.rb:111:in `call'
railties (5.1.5) lib/rails/engine.rb:522:in `call'
puma (3.11.2) lib/puma/configuration.rb:225:in `call'
puma (3.11.2) lib/puma/server.rb:624:in `handle_request'
puma (3.11.2) lib/puma/server.rb:438:in `process_client'
puma (3.11.2) lib/puma/server.rb:302:in `block in run'
puma (3.11.2) lib/puma/thread_pool.rb:120:in `block in spawn_thread'
  [1m[35m (0.2ms)[0m  [1m[34mSELECT "schema_migrations"."version" FROM "schema_migrations" ORDER BY "schema_migrations"."version" ASC[0m
Migrating to CreateFarms (20180421141740)
  [1m[35m (0.1ms)[0m  [1m[36mbegin transaction[0m
  [1m[35m (0.2ms)[0m  [1m[34mSELECT sqlite_version(*)[0m
  [1m[35m (1.0ms)[0m  [1m[35mCREATE TABLE "farms" ("id" INTEGER PRIMARY KEY AUTOINCREMENT NOT NULL, "name" varchar, "created_at" datetime NOT NULL, "updated_at" datetime NOT NULL)[0m
  [1m[35mSQL (0.3ms)[0m  [1m[32mINSERT INTO "schema_migrations" ("version") VALUES (?)[0m  [["version", "20180421141740"]]
  [1m[35m (1.2ms)[0m  [1m[36mcommit transaction[0m
Migrating to CreateLots (20180421142203)
  [1m[35m (0.1ms)[0m  [1m[36mbegin transaction[0m
  [1m[35m (0.6ms)[0m  [1m[35mCREATE TABLE "lots" ("id" INTEGER PRIMARY KEY AUTOINCREMENT NOT NULL, "name" varchar, "location" varchar, "farm_id" integer, "created_at" datetime NOT NULL, "updated_at" datetime NOT NULL, CONSTRAINT "fk_rails_369e4b7002"
FOREIGN KEY ("farm_id")
  REFERENCES "farms" ("id")
)[0m
  [1m[35m (0.3ms)[0m  [1m[35mCREATE  INDEX "index_lots_on_farm_id" ON "lots" ("farm_id")[0m
  [1m[35mSQL (0.3ms)[0m  [1m[32mINSERT INTO "schema_migrations" ("version") VALUES (?)[0m  [["version", "20180421142203"]]
  [1m[35m (0.9ms)[0m  [1m[36mcommit transaction[0m
Migrating to CreateGrooves (20180421142335)
  [1m[35m (0.1ms)[0m  [1m[36mbegin transaction[0m
  [1m[35m (0.5ms)[0m  [1m[35mCREATE TABLE "grooves" ("id" INTEGER PRIMARY KEY AUTOINCREMENT NOT NULL, "quantity" integer, "lot_id" integer, "created_at" datetime NOT NULL, "updated_at" datetime NOT NULL, CONSTRAINT "fk_rails_6374f7a714"
FOREIGN KEY ("lot_id")
  REFERENCES "lots" ("id")
)[0m
  [1m[35m (0.7ms)[0m  [1m[35mCREATE  INDEX "index_grooves_on_lot_id" ON "grooves" ("lot_id")[0m
  [1m[35mSQL (0.2ms)[0m  [1m[32mINSERT INTO "schema_migrations" ("version") VALUES (?)[0m  [["version", "20180421142335"]]
  [1m[35m (0.9ms)[0m  [1m[36mcommit transaction[0m
  [1m[36mActiveRecord::InternalMetadata Load (0.2ms)[0m  [1m[34mSELECT  "ar_internal_metadata".* FROM "ar_internal_metadata" WHERE "ar_internal_metadata"."key" = ? LIMIT ?[0m  [["key", "environment"], ["LIMIT", 1]]
  [1m[35m (0.1ms)[0m  [1m[36mbegin transaction[0m
  [1m[35m (0.1ms)[0m  [1m[36mcommit transaction[0m
  [1m[35m (0.2ms)[0m  [1m[34mSELECT "schema_migrations"."version" FROM "schema_migrations" ORDER BY "schema_migrations"."version" ASC[0m
  [1m[35m (0.1ms)[0m  [1m[34m            SELECT sql
            FROM sqlite_master
            WHERE name='index_collaborations_on_user_id' AND type='index'
            UNION ALL
            SELECT sql
            FROM sqlite_temp_master
            WHERE name='index_collaborations_on_user_id' AND type='index'
[0m
  [1m[35m (0.1ms)[0m  [1m[34m            SELECT sql
            FROM sqlite_master
            WHERE name='index_collaborations_on_node_id' AND type='index'
            UNION ALL
            SELECT sql
            FROM sqlite_temp_master
            WHERE name='index_collaborations_on_node_id' AND type='index'
[0m
  [1m[35m (0.2ms)[0m  [1m[34m            SELECT sql
            FROM sqlite_master
            WHERE name='index_grooves_on_lot_id' AND type='index'
            UNION ALL
            SELECT sql
            FROM sqlite_temp_master
            WHERE name='index_grooves_on_lot_id' AND type='index'
[0m
  [1m[35m (0.2ms)[0m  [1m[34m            SELECT sql
            FROM sqlite_master
            WHERE name='index_lots_on_farm_id' AND type='index'
            UNION ALL
            SELECT sql
            FROM sqlite_temp_master
            WHERE name='index_lots_on_farm_id' AND type='index'
[0m
  [1m[35m (0.1ms)[0m  [1m[34m            SELECT sql
            FROM sqlite_master
            WHERE name='index_sensors_on_node_id' AND type='index'
            UNION ALL
            SELECT sql
            FROM sqlite_temp_master
            WHERE name='index_sensors_on_node_id' AND type='index'
[0m
  [1m[35m (0.1ms)[0m  [1m[34m            SELECT sql
            FROM sqlite_master
            WHERE name='index_users_on_reset_password_token' AND type='index'
            UNION ALL
            SELECT sql
            FROM sqlite_temp_master
            WHERE name='index_users_on_reset_password_token' AND type='index'
[0m
  [1m[35m (0.1ms)[0m  [1m[34m            SELECT sql
            FROM sqlite_master
            WHERE name='index_users_on_email' AND type='index'
            UNION ALL
            SELECT sql
            FROM sqlite_temp_master
            WHERE name='index_users_on_email' AND type='index'
[0m
  [1m[35m (0.1ms)[0m  [1m[34m            SELECT sql
            FROM sqlite_master
            WHERE name='index_values_on_sensor_id' AND type='index'
            UNION ALL
            SELECT sql
            FROM sqlite_temp_master
            WHERE name='index_values_on_sensor_id' AND type='index'
[0m
Started GET "/farms" for 127.0.0.1 at 2018-04-21 09:24:36 -0500
  [1m[35m (0.2ms)[0m  [1m[34mSELECT "schema_migrations"."version" FROM "schema_migrations" ORDER BY "schema_migrations"."version" ASC[0m
Processing by FarmsController#index as HTML
  Rendering farms/index.html.erb within layouts/application
  [1m[36mFarm Load (0.2ms)[0m  [1m[34mSELECT "farms".* FROM "farms"[0m
  Rendered farms/index.html.erb within layouts/application (5.4ms)
  [1m[36mUser Load (0.4ms)[0m  [1m[34mSELECT  "users".* FROM "users" WHERE "users"."id" = ? ORDER BY "users"."id" ASC LIMIT ?[0m  [["id", 1], ["LIMIT", 1]]
  Rendered partials/_navbar.html.erb (50.9ms)
Completed 200 OK in 320ms (Views: 310.1ms | ActiveRecord: 2.5ms)


  [1m[35m (0.4ms)[0m  [1m[34mSELECT "schema_migrations"."version" FROM "schema_migrations" ORDER BY "schema_migrations"."version" ASC[0m
Migrating to AddUserToFarm (20180421142711)
  [1m[35m (0.1ms)[0m  [1m[36mbegin transaction[0m
  [1m[35m (1.1ms)[0m  [1m[35mALTER TABLE "farms" ADD "user_id" integer[0m
  [1m[35m (0.1ms)[0m  [1m[34mSELECT sqlite_version(*)[0m
  [1m[35m (0.4ms)[0m  [1m[35mCREATE  INDEX "index_farms_on_user_id" ON "farms" ("user_id")[0m
  [1m[35mSQL (0.3ms)[0m  [1m[32mINSERT INTO "schema_migrations" ("version") VALUES (?)[0m  [["version", "20180421142711"]]
  [1m[35m (1.5ms)[0m  [1m[36mcommit transaction[0m
  [1m[36mActiveRecord::InternalMetadata Load (0.3ms)[0m  [1m[34mSELECT  "ar_internal_metadata".* FROM "ar_internal_metadata" WHERE "ar_internal_metadata"."key" = ? LIMIT ?[0m  [["key", "environment"], ["LIMIT", 1]]
  [1m[35m (0.1ms)[0m  [1m[36mbegin transaction[0m
  [1m[35m (0.1ms)[0m  [1m[36mcommit transaction[0m
  [1m[35m (0.2ms)[0m  [1m[34mSELECT "schema_migrations"."version" FROM "schema_migrations" ORDER BY "schema_migrations"."version" ASC[0m
  [1m[35m (0.8ms)[0m  [1m[34m            SELECT sql
            FROM sqlite_master
            WHERE name='index_collaborations_on_user_id' AND type='index'
            UNION ALL
            SELECT sql
            FROM sqlite_temp_master
            WHERE name='index_collaborations_on_user_id' AND type='index'
[0m
  [1m[35m (0.4ms)[0m  [1m[34m            SELECT sql
            FROM sqlite_master
            WHERE name='index_collaborations_on_node_id' AND type='index'
            UNION ALL
            SELECT sql
            FROM sqlite_temp_master
            WHERE name='index_collaborations_on_node_id' AND type='index'
[0m
  [1m[35m (0.2ms)[0m  [1m[34m            SELECT sql
            FROM sqlite_master
            WHERE name='index_farms_on_user_id' AND type='index'
            UNION ALL
            SELECT sql
            FROM sqlite_temp_master
            WHERE name='index_farms_on_user_id' AND type='index'
[0m
  [1m[35m (0.1ms)[0m  [1m[34m            SELECT sql
            FROM sqlite_master
            WHERE name='index_grooves_on_lot_id' AND type='index'
            UNION ALL
            SELECT sql
            FROM sqlite_temp_master
            WHERE name='index_grooves_on_lot_id' AND type='index'
[0m
  [1m[35m (0.2ms)[0m  [1m[34m            SELECT sql
            FROM sqlite_master
            WHERE name='index_lots_on_farm_id' AND type='index'
            UNION ALL
            SELECT sql
            FROM sqlite_temp_master
            WHERE name='index_lots_on_farm_id' AND type='index'
[0m
  [1m[35m (0.2ms)[0m  [1m[34m            SELECT sql
            FROM sqlite_master
            WHERE name='index_sensors_on_node_id' AND type='index'
            UNION ALL
            SELECT sql
            FROM sqlite_temp_master
            WHERE name='index_sensors_on_node_id' AND type='index'
[0m
  [1m[35m (0.2ms)[0m  [1m[34m            SELECT sql
            FROM sqlite_master
            WHERE name='index_users_on_reset_password_token' AND type='index'
            UNION ALL
            SELECT sql
            FROM sqlite_temp_master
            WHERE name='index_users_on_reset_password_token' AND type='index'
[0m
  [1m[35m (0.1ms)[0m  [1m[34m            SELECT sql
            FROM sqlite_master
            WHERE name='index_users_on_email' AND type='index'
            UNION ALL
            SELECT sql
            FROM sqlite_temp_master
            WHERE name='index_users_on_email' AND type='index'
[0m
  [1m[35m (0.1ms)[0m  [1m[34m            SELECT sql
            FROM sqlite_master
            WHERE name='index_values_on_sensor_id' AND type='index'
            UNION ALL
            SELECT sql
            FROM sqlite_temp_master
            WHERE name='index_values_on_sensor_id' AND type='index'
[0m
Started GET "/farms" for 127.0.0.1 at 2018-04-21 09:27:34 -0500
  [1m[35m (0.3ms)[0m  [1m[34mSELECT "schema_migrations"."version" FROM "schema_migrations" ORDER BY "schema_migrations"."version" ASC[0m
Processing by FarmsController#index as HTML
  Rendering farms/index.html.erb within layouts/application
  [1m[36mFarm Load (0.3ms)[0m  [1m[34mSELECT "farms".* FROM "farms"[0m
  Rendered farms/index.html.erb within layouts/application (7.2ms)
  [1m[36mUser Load (0.3ms)[0m  [1m[34mSELECT  "users".* FROM "users" WHERE "users"."id" = ? ORDER BY "users"."id" ASC LIMIT ?[0m  [["id", 1], ["LIMIT", 1]]
  Rendered partials/_navbar.html.erb (48.7ms)
Completed 200 OK in 319ms (Views: 303.3ms | ActiveRecord: 3.7ms)


  [1m[35m (0.3ms)[0m  [1m[34mSELECT "schema_migrations"."version" FROM "schema_migrations" ORDER BY "schema_migrations"."version" ASC[0m
Migrating to CreatePlagueReports (20180421143242)
  [1m[35m (0.1ms)[0m  [1m[36mbegin transaction[0m
  [1m[35m (0.1ms)[0m  [1m[34mSELECT sqlite_version(*)[0m
  [1m[35m (0.8ms)[0m  [1m[35mCREATE TABLE "plague_reports" ("id" INTEGER PRIMARY KEY AUTOINCREMENT NOT NULL, "quantity" integer, "reportDate" date, "description" text, "groove_id" integer, "created_at" datetime NOT NULL, "updated_at" datetime NOT NULL, CONSTRAINT "fk_rails_96545141bb"
FOREIGN KEY ("groove_id")
  REFERENCES "grooves" ("id")
)[0m
  [1m[35m (0.2ms)[0m  [1m[35mCREATE  INDEX "index_plague_reports_on_groove_id" ON "plague_reports" ("groove_id")[0m
  [1m[35mSQL (0.2ms)[0m  [1m[32mINSERT INTO "schema_migrations" ("version") VALUES (?)[0m  [["version", "20180421143242"]]
  [1m[35m (1.3ms)[0m  [1m[36mcommit transaction[0m
  [1m[36mActiveRecord::InternalMetadata Load (0.2ms)[0m  [1m[34mSELECT  "ar_internal_metadata".* FROM "ar_internal_metadata" WHERE "ar_internal_metadata"."key" = ? LIMIT ?[0m  [["key", "environment"], ["LIMIT", 1]]
  [1m[35m (0.2ms)[0m  [1m[36mbegin transaction[0m
  [1m[35m (0.1ms)[0m  [1m[36mcommit transaction[0m
  [1m[35m (0.3ms)[0m  [1m[34mSELECT "schema_migrations"."version" FROM "schema_migrations" ORDER BY "schema_migrations"."version" ASC[0m
  [1m[35m (0.2ms)[0m  [1m[34m            SELECT sql
            FROM sqlite_master
            WHERE name='index_collaborations_on_user_id' AND type='index'
            UNION ALL
            SELECT sql
            FROM sqlite_temp_master
            WHERE name='index_collaborations_on_user_id' AND type='index'
[0m
  [1m[35m (0.1ms)[0m  [1m[34m            SELECT sql
            FROM sqlite_master
            WHERE name='index_collaborations_on_node_id' AND type='index'
            UNION ALL
            SELECT sql
            FROM sqlite_temp_master
            WHERE name='index_collaborations_on_node_id' AND type='index'
[0m
  [1m[35m (0.2ms)[0m  [1m[34m            SELECT sql
            FROM sqlite_master
            WHERE name='index_farms_on_user_id' AND type='index'
            UNION ALL
            SELECT sql
            FROM sqlite_temp_master
            WHERE name='index_farms_on_user_id' AND type='index'
[0m
  [1m[35m (0.2ms)[0m  [1m[34m            SELECT sql
            FROM sqlite_master
            WHERE name='index_grooves_on_lot_id' AND type='index'
            UNION ALL
            SELECT sql
            FROM sqlite_temp_master
            WHERE name='index_grooves_on_lot_id' AND type='index'
[0m
  [1m[35m (0.2ms)[0m  [1m[34m            SELECT sql
            FROM sqlite_master
            WHERE name='index_lots_on_farm_id' AND type='index'
            UNION ALL
            SELECT sql
            FROM sqlite_temp_master
            WHERE name='index_lots_on_farm_id' AND type='index'
[0m
  [1m[35m (0.1ms)[0m  [1m[34m            SELECT sql
            FROM sqlite_master
            WHERE name='index_plague_reports_on_groove_id' AND type='index'
            UNION ALL
            SELECT sql
            FROM sqlite_temp_master
            WHERE name='index_plague_reports_on_groove_id' AND type='index'
[0m
  [1m[35m (0.1ms)[0m  [1m[34m            SELECT sql
            FROM sqlite_master
            WHERE name='index_sensors_on_node_id' AND type='index'
            UNION ALL
            SELECT sql
            FROM sqlite_temp_master
            WHERE name='index_sensors_on_node_id' AND type='index'
[0m
  [1m[35m (0.2ms)[0m  [1m[34m            SELECT sql
            FROM sqlite_master
            WHERE name='index_users_on_reset_password_token' AND type='index'
            UNION ALL
            SELECT sql
            FROM sqlite_temp_master
            WHERE name='index_users_on_reset_password_token' AND type='index'
[0m
  [1m[35m (0.1ms)[0m  [1m[34m            SELECT sql
            FROM sqlite_master
            WHERE name='index_users_on_email' AND type='index'
            UNION ALL
            SELECT sql
            FROM sqlite_temp_master
            WHERE name='index_users_on_email' AND type='index'
[0m
  [1m[35m (0.1ms)[0m  [1m[34m            SELECT sql
            FROM sqlite_master
            WHERE name='index_values_on_sensor_id' AND type='index'
            UNION ALL
            SELECT sql
            FROM sqlite_temp_master
            WHERE name='index_values_on_sensor_id' AND type='index'
[0m
Started GET "/farms/new" for 127.0.0.1 at 2018-04-21 09:35:56 -0500
  [1m[35m (0.3ms)[0m  [1m[34mSELECT "schema_migrations"."version" FROM "schema_migrations" ORDER BY "schema_migrations"."version" ASC[0m
Processing by FarmsController#new as HTML
  [1m[36mUser Load (0.2ms)[0m  [1m[34mSELECT  "users".* FROM "users" WHERE "users"."id" = ? ORDER BY "users"."id" ASC LIMIT ?[0m  [["id", 1], ["LIMIT", 1]]
  Rendering farms/new.html.erb within layouts/application
  Rendered farms/_form.html.erb (11.4ms)
  Rendered farms/new.html.erb within layouts/application (18.8ms)
  Rendered partials/_navbar.html.erb (1.8ms)
Completed 200 OK in 224ms (Views: 162.8ms | ActiveRecord: 2.2ms)


Started POST "/farms" for 127.0.0.1 at 2018-04-21 09:36:06 -0500
Processing by FarmsController#create as HTML
  Parameters: {"utf8"=>"✓", "authenticity_token"=>"f9zJf1M82qrj88IZ8u8agcP06p52RqRwgz8E2rG4aYQS4fdlbbhsM0O4wSLZoNYHsrryrx84rAbpi4OpH9aROQ==", "farm"=>{"name"=>"MiGranja"}, "commit"=>"Create Farm"}
  [1m[36mUser Load (0.5ms)[0m  [1m[34mSELECT  "users".* FROM "users" WHERE "users"."id" = ? ORDER BY "users"."id" ASC LIMIT ?[0m  [["id", 1], ["LIMIT", 1]]
  [1m[35m (0.1ms)[0m  [1m[36mbegin transaction[0m
  [1m[35mSQL (0.6ms)[0m  [1m[32mINSERT INTO "farms" ("name", "created_at", "updated_at") VALUES (?, ?, ?)[0m  [["name", "MiGranja"], ["created_at", "2018-04-21 14:36:06.176216"], ["updated_at", "2018-04-21 14:36:06.176216"]]
  [1m[35m (3.7ms)[0m  [1m[36mcommit transaction[0m
Redirected to http://localhost:3000/farms/1
Completed 302 Found in 13ms (ActiveRecord: 4.8ms)


Started GET "/farms/1" for 127.0.0.1 at 2018-04-21 09:36:06 -0500
Processing by FarmsController#show as HTML
  Parameters: {"id"=>"1"}
  [1m[36mUser Load (0.4ms)[0m  [1m[34mSELECT  "users".* FROM "users" WHERE "users"."id" = ? ORDER BY "users"."id" ASC LIMIT ?[0m  [["id", 1], ["LIMIT", 1]]
  [1m[36mFarm Load (0.4ms)[0m  [1m[34mSELECT  "farms".* FROM "farms" WHERE "farms"."id" = ? LIMIT ?[0m  [["id", 1], ["LIMIT", 1]]
  Rendering farms/show.html.erb within layouts/application
  Rendered farms/show.html.erb within layouts/application (4.1ms)
  Rendered partials/_navbar.html.erb (1.0ms)
Completed 200 OK in 173ms (Views: 159.2ms | ActiveRecord: 0.8ms)


Started GET "/farms" for 127.0.0.1 at 2018-04-21 09:36:10 -0500
Processing by FarmsController#index as HTML
  [1m[36mUser Load (0.4ms)[0m  [1m[34mSELECT  "users".* FROM "users" WHERE "users"."id" = ? ORDER BY "users"."id" ASC LIMIT ?[0m  [["id", 1], ["LIMIT", 1]]
  Rendering farms/index.html.erb within layouts/application
  [1m[36mFarm Load (0.2ms)[0m  [1m[34mSELECT "farms".* FROM "farms"[0m
  Rendered farms/index.html.erb within layouts/application (1.9ms)
  Rendered partials/_navbar.html.erb (0.7ms)
Completed 200 OK in 99ms (Views: 84.3ms | ActiveRecord: 0.6ms)


  [1m[36mFarm Load (3.2ms)[0m  [1m[34mSELECT  "farms".* FROM "farms" LIMIT ?[0m  [["LIMIT", 11]]
  [1m[36mFarm Load (0.3ms)[0m  [1m[34mSELECT  "farms".* FROM "farms" ORDER BY "farms"."id" DESC LIMIT ?[0m  [["LIMIT", 1]]
  [1m[36mFarm Load (0.1ms)[0m  [1m[34mSELECT  "farms".* FROM "farms" ORDER BY "farms"."id" DESC LIMIT ?[0m  [["LIMIT", 1]]
  [1m[35m (0.2ms)[0m  [1m[36mbegin transaction[0m
  [1m[35mSQL (1.7ms)[0m  [1m[32mINSERT INTO "lots" ("name", "location", "farm_id", "created_at", "updated_at") VALUES (?, ?, ?, ?, ?)[0m  [["name", "Zona 1"], ["location", "Este sapo hijueputa"], ["farm_id", 1], ["created_at", "2018-04-21 14:40:08.303156"], ["updated_at", "2018-04-21 14:40:08.303156"]]
  [1m[35m (3.8ms)[0m  [1m[36mcommit transaction[0m
  [1m[36mLot Load (0.2ms)[0m  [1m[34mSELECT  "lots".* FROM "lots" ORDER BY "lots"."id" DESC LIMIT ?[0m  [["LIMIT", 1]]
  [1m[36mLot Load (0.5ms)[0m  [1m[34mSELECT  "lots".* FROM "lots" ORDER BY "lots"."id" DESC LIMIT ?[0m  [["LIMIT", 1]]
  [1m[35m (0.1ms)[0m  [1m[36mbegin transaction[0m
  [1m[36mLot Load (0.3ms)[0m  [1m[34mSELECT  "lots".* FROM "lots" WHERE "lots"."id" = ? LIMIT ?[0m  [["id", 1], ["LIMIT", 1]]
  [1m[35mSQL (1.6ms)[0m  [1m[32mINSERT INTO "grooves" ("quantity", "lot_id", "created_at", "updated_at") VALUES (?, ?, ?, ?)[0m  [["quantity", 13], ["lot_id", 1], ["created_at", "2018-04-21 14:50:15.669784"], ["updated_at", "2018-04-21 14:50:15.669784"]]
  [1m[35m (3.8ms)[0m  [1m[36mcommit transaction[0m
  [1m[35m (0.1ms)[0m  [1m[36mbegin transaction[0m
  [1m[35m (0.1ms)[0m  [1m[31mrollback transaction[0m
  [1m[35m (0.1ms)[0m  [1m[36mbegin transaction[0m
  [1m[35mSQL (0.6ms)[0m  [1m[32mINSERT INTO "plague_reports" ("quantity", "reportDate", "description", "groove_id", "created_at", "updated_at") VALUES (?, ?, ?, ?, ?, ?)[0m  [["quantity", 10], ["reportDate", "2018-04-21"], ["description", "Esta chimbada se prendió because has 10 of 13 beibi"], ["groove_id", 1], ["created_at", "2018-04-21 14:53:04.656176"], ["updated_at", "2018-04-21 14:53:04.656176"]]
  [1m[35m (4.4ms)[0m  [1m[36mcommit transaction[0m
Started POST "/grooves/1/reports" for 127.0.0.1 at 2018-04-21 10:09:42 -0500
Processing by PlagueReportsController#create as */*
  Parameters: {"plague_report"=>{"quantity"=>10}, "groove_id"=>"1"}
HTTP Origin header (chrome-extension://fhbjgbiflinjbdggehcddcbncdddomop) didn't match request.base_url (http://localhost:3000)
Completed 401 Unauthorized in 3ms


  
ActionController::InvalidAuthenticityToken (ActionController::InvalidAuthenticityToken):
  
actionpack (5.1.5) lib/action_controller/metal/request_forgery_protection.rb:195:in `handle_unverified_request'
actionpack (5.1.5) lib/action_controller/metal/request_forgery_protection.rb:227:in `handle_unverified_request'
devise (4.4.1) lib/devise/controllers/helpers.rb:255:in `handle_unverified_request'
actionpack (5.1.5) lib/action_controller/metal/request_forgery_protection.rb:222:in `verify_authenticity_token'
activesupport (5.1.5) lib/active_support/callbacks.rb:413:in `block in make_lambda'
activesupport (5.1.5) lib/active_support/callbacks.rb:197:in `block (2 levels) in halting'
actionpack (5.1.5) lib/abstract_controller/callbacks.rb:12:in `block (2 levels) in <module:Callbacks>'
activesupport (5.1.5) lib/active_support/callbacks.rb:198:in `block in halting'
activesupport (5.1.5) lib/active_support/callbacks.rb:507:in `block in invoke_before'
activesupport (5.1.5) lib/active_support/callbacks.rb:507:in `each'
activesupport (5.1.5) lib/active_support/callbacks.rb:507:in `invoke_before'
activesupport (5.1.5) lib/active_support/callbacks.rb:130:in `run_callbacks'
actionpack (5.1.5) lib/abstract_controller/callbacks.rb:19:in `process_action'
actionpack (5.1.5) lib/action_controller/metal/rescue.rb:20:in `process_action'
actionpack (5.1.5) lib/action_controller/metal/instrumentation.rb:32:in `block in process_action'
activesupport (5.1.5) lib/active_support/notifications.rb:166:in `block in instrument'
activesupport (5.1.5) lib/active_support/notifications/instrumenter.rb:21:in `instrument'
activesupport (5.1.5) lib/active_support/notifications.rb:166:in `instrument'
actionpack (5.1.5) lib/action_controller/metal/instrumentation.rb:30:in `process_action'
actionpack (5.1.5) lib/action_controller/metal/params_wrapper.rb:252:in `process_action'
activerecord (5.1.5) lib/active_record/railties/controller_runtime.rb:22:in `process_action'
actionpack (5.1.5) lib/abstract_controller/base.rb:124:in `process'
actionview (5.1.5) lib/action_view/rendering.rb:30:in `process'
actionpack (5.1.5) lib/action_controller/metal.rb:189:in `dispatch'
actionpack (5.1.5) lib/action_controller/metal.rb:253:in `dispatch'
actionpack (5.1.5) lib/action_dispatch/routing/route_set.rb:49:in `dispatch'
actionpack (5.1.5) lib/action_dispatch/routing/route_set.rb:31:in `serve'
actionpack (5.1.5) lib/action_dispatch/journey/router.rb:50:in `block in serve'
actionpack (5.1.5) lib/action_dispatch/journey/router.rb:33:in `each'
actionpack (5.1.5) lib/action_dispatch/journey/router.rb:33:in `serve'
actionpack (5.1.5) lib/action_dispatch/routing/route_set.rb:844:in `call'
warden (1.2.7) lib/warden/manager.rb:36:in `block in call'
warden (1.2.7) lib/warden/manager.rb:35:in `catch'
warden (1.2.7) lib/warden/manager.rb:35:in `call'
rack (2.0.4) lib/rack/etag.rb:25:in `call'
rack (2.0.4) lib/rack/conditional_get.rb:38:in `call'
rack (2.0.4) lib/rack/head.rb:12:in `call'
rack (2.0.4) lib/rack/session/abstract/id.rb:232:in `context'
rack (2.0.4) lib/rack/session/abstract/id.rb:226:in `call'
actionpack (5.1.5) lib/action_dispatch/middleware/cookies.rb:613:in `call'
activerecord (5.1.5) lib/active_record/migration.rb:556:in `call'
actionpack (5.1.5) lib/action_dispatch/middleware/callbacks.rb:26:in `block in call'
activesupport (5.1.5) lib/active_support/callbacks.rb:97:in `run_callbacks'
actionpack (5.1.5) lib/action_dispatch/middleware/callbacks.rb:24:in `call'
actionpack (5.1.5) lib/action_dispatch/middleware/executor.rb:12:in `call'
actionpack (5.1.5) lib/action_dispatch/middleware/debug_exceptions.rb:59:in `call'
web-console (3.5.1) lib/web_console/middleware.rb:135:in `call_app'
web-console (3.5.1) lib/web_console/middleware.rb:28:in `block in call'
web-console (3.5.1) lib/web_console/middleware.rb:18:in `catch'
web-console (3.5.1) lib/web_console/middleware.rb:18:in `call'
actionpack (5.1.5) lib/action_dispatch/middleware/show_exceptions.rb:31:in `call'
railties (5.1.5) lib/rails/rack/logger.rb:36:in `call_app'
railties (5.1.5) lib/rails/rack/logger.rb:24:in `block in call'
activesupport (5.1.5) lib/active_support/tagged_logging.rb:69:in `block in tagged'
activesupport (5.1.5) lib/active_support/tagged_logging.rb:26:in `tagged'
activesupport (5.1.5) lib/active_support/tagged_logging.rb:69:in `tagged'
railties (5.1.5) lib/rails/rack/logger.rb:24:in `call'
sprockets-rails (3.2.1) lib/sprockets/rails/quiet_assets.rb:13:in `call'
actionpack (5.1.5) lib/action_dispatch/middleware/remote_ip.rb:79:in `call'
actionpack (5.1.5) lib/action_dispatch/middleware/request_id.rb:25:in `call'
rack (2.0.4) lib/rack/method_override.rb:22:in `call'
rack (2.0.4) lib/rack/runtime.rb:22:in `call'
activesupport (5.1.5) lib/active_support/cache/strategy/local_cache_middleware.rb:27:in `call'
actionpack (5.1.5) lib/action_dispatch/middleware/executor.rb:12:in `call'
actionpack (5.1.5) lib/action_dispatch/middleware/static.rb:125:in `call'
rack (2.0.4) lib/rack/sendfile.rb:111:in `call'
railties (5.1.5) lib/rails/engine.rb:522:in `call'
puma (3.11.2) lib/puma/configuration.rb:225:in `call'
puma (3.11.2) lib/puma/server.rb:624:in `handle_request'
puma (3.11.2) lib/puma/server.rb:438:in `process_client'
puma (3.11.2) lib/puma/server.rb:302:in `block in run'
puma (3.11.2) lib/puma/thread_pool.rb:120:in `block in spawn_thread'
Started POST "/grooves/1/reports" for 127.0.0.1 at 2018-04-21 10:10:36 -0500
Processing by PlagueReportsController#create as */*
  Parameters: {"plague_report"=>{"quantity"=>10}, "groove_id"=>"1"}
HTTP Origin header (chrome-extension://fhbjgbiflinjbdggehcddcbncdddomop) didn't match request.base_url (http://localhost:3000)
Completed 401 Unauthorized in 4ms


  
NoMethodError (undefined method `plague_reports' for nil:NilClass):
  
app/controllers/plague_reports_controller.rb:5:in `create'
Started POST "/grooves/1/reports" for 127.0.0.1 at 2018-04-21 10:11:53 -0500
Processing by PlagueReportsController#create as */*
  Parameters: {"plague_report"=>{"quantity"=>10}, "groove_id"=>"1"}
HTTP Origin header (chrome-extension://fhbjgbiflinjbdggehcddcbncdddomop) didn't match request.base_url (http://localhost:3000)
  [1m[35m (0.1ms)[0m  [1m[36mbegin transaction[0m
  [1m[35m (0.2ms)[0m  [1m[31mrollback transaction[0m
  Rendering plague_reports/create.html.erb within layouts/application
  Rendered plague_reports/create.html.erb within layouts/application (0.9ms)
  Rendered partials/_navbar.html.erb (1.8ms)
Completed 200 OK in 445ms (Views: 318.8ms | ActiveRecord: 1.7ms)


Started POST "/grooves/1/reports" for 127.0.0.1 at 2018-04-21 10:14:02 -0500
Processing by PlagueReportsController#create as */*
  Parameters: {"plague_report"=>{"quantity"=>10}, "groove_id"=>"1"}
HTTP Origin header (chrome-extension://fhbjgbiflinjbdggehcddcbncdddomop) didn't match request.base_url (http://localhost:3000)
  [1m[35m (0.1ms)[0m  [1m[36mbegin transaction[0m
  [1m[35m (0.1ms)[0m  [1m[31mrollback transaction[0m
  Rendering plague_reports/create.html.erb within layouts/application
  Rendered plague_reports/create.html.erb within layouts/application (0.7ms)
  Rendered partials/_navbar.html.erb (2.3ms)
Completed 200 OK in 269ms (Views: 208.8ms | ActiveRecord: 1.4ms)


Started POST "/grooves/1/reports" for 127.0.0.1 at 2018-04-21 10:16:59 -0500
Processing by PlagueReportsController#create as */*
  Parameters: {"plague_report"=>{"quantity"=>10, "reportDate"=>"2018-04-22", "description"=>"Esta chimbada se prendió because has 10 of 13 beibi"}, "groove_id"=>"1"}
HTTP Origin header (chrome-extension://fhbjgbiflinjbdggehcddcbncdddomop) didn't match request.base_url (http://localhost:3000)
Unpermitted parameters: :reportDate, :description
  [1m[35m (0.4ms)[0m  [1m[36mbegin transaction[0m
  [1m[35m (0.3ms)[0m  [1m[31mrollback transaction[0m
  Rendering plague_reports/create.html.erb within layouts/application
  Rendered plague_reports/create.html.erb within layouts/application (2.1ms)
  Rendered partials/_navbar.html.erb (3.7ms)
Completed 200 OK in 329ms (Views: 257.9ms | ActiveRecord: 0.6ms)


Started POST "/grooves/1/reports" for 127.0.0.1 at 2018-04-21 10:20:16 -0500
Processing by PlagueReportsController#create as HTML
  Parameters: {"plague_report"=>{"quantity"=>10, "reportDate"=>"2018-04-22", "description"=>"Esta chimbada se prendió because has 10 of 13 beibi"}, "groove_id"=>"1"}
Can't verify CSRF token authenticity.
Unpermitted parameters: :reportDate, :description
  [1m[35m (1.3ms)[0m  [1m[36mbegin transaction[0m
  [1m[35m (0.2ms)[0m  [1m[31mrollback transaction[0m
  Rendering plague_reports/create.html.erb within layouts/application
  Rendered plague_reports/create.html.erb within layouts/application (3.6ms)
  Rendered partials/_navbar.html.erb (7.2ms)
Completed 200 OK in 404ms (Views: 358.2ms | ActiveRecord: 1.5ms)


  [1m[35m (2.1ms)[0m  [1m[34mSELECT COUNT(*) FROM "plague_reports"[0m
Started POST "/grooves/1/reports" for 127.0.0.1 at 2018-04-21 10:22:37 -0500
Processing by PlagueReportsController#create as HTML
  Parameters: {"plague_report"=>{"quantity"=>10, "reportDate"=>"2018-04-22", "description"=>"Esta chimbada se prendió because has 10 of 13 beibi"}, "groove_id"=>"1"}
Can't verify CSRF token authenticity.
  [1m[35m (0.1ms)[0m  [1m[36mbegin transaction[0m
  [1m[35m (0.1ms)[0m  [1m[31mrollback transaction[0m
  Rendering plague_reports/create.html.erb within layouts/application
  Rendered plague_reports/create.html.erb within layouts/application (1.0ms)
  Rendered partials/_navbar.html.erb (2.6ms)
Completed 200 OK in 217ms (Views: 159.9ms | ActiveRecord: 1.8ms)


Started POST "/grooves/1/reports" for 127.0.0.1 at 2018-04-21 10:24:25 -0500
Processing by PlagueReportsController#create as HTML
  Parameters: {"plague_report"=>{"quantity"=>10, "reportDate"=>"2018-04-22", "description"=>"Esta chimbada se prendió because has 10 of 13 beibi"}, "groove_id"=>"1"}
Can't verify CSRF token authenticity.
Completed 401 Unauthorized in 2ms


  
ActionController::InvalidAuthenticityToken (ActionController::InvalidAuthenticityToken):
  
actionpack (5.1.5) lib/action_controller/metal/request_forgery_protection.rb:195:in `handle_unverified_request'
actionpack (5.1.5) lib/action_controller/metal/request_forgery_protection.rb:227:in `handle_unverified_request'
devise (4.4.1) lib/devise/controllers/helpers.rb:255:in `handle_unverified_request'
actionpack (5.1.5) lib/action_controller/metal/request_forgery_protection.rb:222:in `verify_authenticity_token'
activesupport (5.1.5) lib/active_support/callbacks.rb:413:in `block in make_lambda'
activesupport (5.1.5) lib/active_support/callbacks.rb:197:in `block (2 levels) in halting'
actionpack (5.1.5) lib/abstract_controller/callbacks.rb:12:in `block (2 levels) in <module:Callbacks>'
activesupport (5.1.5) lib/active_support/callbacks.rb:198:in `block in halting'
activesupport (5.1.5) lib/active_support/callbacks.rb:507:in `block in invoke_before'
activesupport (5.1.5) lib/active_support/callbacks.rb:507:in `each'
activesupport (5.1.5) lib/active_support/callbacks.rb:507:in `invoke_before'
activesupport (5.1.5) lib/active_support/callbacks.rb:130:in `run_callbacks'
actionpack (5.1.5) lib/abstract_controller/callbacks.rb:19:in `process_action'
actionpack (5.1.5) lib/action_controller/metal/rescue.rb:20:in `process_action'
actionpack (5.1.5) lib/action_controller/metal/instrumentation.rb:32:in `block in process_action'
activesupport (5.1.5) lib/active_support/notifications.rb:166:in `block in instrument'
activesupport (5.1.5) lib/active_support/notifications/instrumenter.rb:21:in `instrument'
activesupport (5.1.5) lib/active_support/notifications.rb:166:in `instrument'
actionpack (5.1.5) lib/action_controller/metal/instrumentation.rb:30:in `process_action'
actionpack (5.1.5) lib/action_controller/metal/params_wrapper.rb:252:in `process_action'
activerecord (5.1.5) lib/active_record/railties/controller_runtime.rb:22:in `process_action'
actionpack (5.1.5) lib/abstract_controller/base.rb:124:in `process'
actionview (5.1.5) lib/action_view/rendering.rb:30:in `process'
actionpack (5.1.5) lib/action_controller/metal.rb:189:in `dispatch'
actionpack (5.1.5) lib/action_controller/metal.rb:253:in `dispatch'
actionpack (5.1.5) lib/action_dispatch/routing/route_set.rb:49:in `dispatch'
actionpack (5.1.5) lib/action_dispatch/routing/route_set.rb:31:in `serve'
actionpack (5.1.5) lib/action_dispatch/journey/router.rb:50:in `block in serve'
actionpack (5.1.5) lib/action_dispatch/journey/router.rb:33:in `each'
actionpack (5.1.5) lib/action_dispatch/journey/router.rb:33:in `serve'
actionpack (5.1.5) lib/action_dispatch/routing/route_set.rb:844:in `call'
warden (1.2.7) lib/warden/manager.rb:36:in `block in call'
warden (1.2.7) lib/warden/manager.rb:35:in `catch'
warden (1.2.7) lib/warden/manager.rb:35:in `call'
rack (2.0.4) lib/rack/etag.rb:25:in `call'
rack (2.0.4) lib/rack/conditional_get.rb:38:in `call'
rack (2.0.4) lib/rack/head.rb:12:in `call'
rack (2.0.4) lib/rack/session/abstract/id.rb:232:in `context'
rack (2.0.4) lib/rack/session/abstract/id.rb:226:in `call'
actionpack (5.1.5) lib/action_dispatch/middleware/cookies.rb:613:in `call'
activerecord (5.1.5) lib/active_record/migration.rb:556:in `call'
actionpack (5.1.5) lib/action_dispatch/middleware/callbacks.rb:26:in `block in call'
activesupport (5.1.5) lib/active_support/callbacks.rb:97:in `run_callbacks'
actionpack (5.1.5) lib/action_dispatch/middleware/callbacks.rb:24:in `call'
actionpack (5.1.5) lib/action_dispatch/middleware/executor.rb:12:in `call'
actionpack (5.1.5) lib/action_dispatch/middleware/debug_exceptions.rb:59:in `call'
web-console (3.5.1) lib/web_console/middleware.rb:135:in `call_app'
web-console (3.5.1) lib/web_console/middleware.rb:28:in `block in call'
web-console (3.5.1) lib/web_console/middleware.rb:18:in `catch'
web-console (3.5.1) lib/web_console/middleware.rb:18:in `call'
actionpack (5.1.5) lib/action_dispatch/middleware/show_exceptions.rb:31:in `call'
railties (5.1.5) lib/rails/rack/logger.rb:36:in `call_app'
railties (5.1.5) lib/rails/rack/logger.rb:24:in `block in call'
activesupport (5.1.5) lib/active_support/tagged_logging.rb:69:in `block in tagged'
activesupport (5.1.5) lib/active_support/tagged_logging.rb:26:in `tagged'
activesupport (5.1.5) lib/active_support/tagged_logging.rb:69:in `tagged'
railties (5.1.5) lib/rails/rack/logger.rb:24:in `call'
sprockets-rails (3.2.1) lib/sprockets/rails/quiet_assets.rb:13:in `call'
actionpack (5.1.5) lib/action_dispatch/middleware/remote_ip.rb:79:in `call'
actionpack (5.1.5) lib/action_dispatch/middleware/request_id.rb:25:in `call'
rack (2.0.4) lib/rack/method_override.rb:22:in `call'
rack (2.0.4) lib/rack/runtime.rb:22:in `call'
activesupport (5.1.5) lib/active_support/cache/strategy/local_cache_middleware.rb:27:in `call'
actionpack (5.1.5) lib/action_dispatch/middleware/executor.rb:12:in `call'
actionpack (5.1.5) lib/action_dispatch/middleware/static.rb:125:in `call'
rack (2.0.4) lib/rack/sendfile.rb:111:in `call'
railties (5.1.5) lib/rails/engine.rb:522:in `call'
puma (3.11.2) lib/puma/configuration.rb:225:in `call'
puma (3.11.2) lib/puma/server.rb:624:in `handle_request'
puma (3.11.2) lib/puma/server.rb:438:in `process_client'
puma (3.11.2) lib/puma/server.rb:302:in `block in run'
puma (3.11.2) lib/puma/thread_pool.rb:120:in `block in spawn_thread'
Started POST "/grooves/1/reports" for 127.0.0.1 at 2018-04-21 10:25:12 -0500
Processing by PlagueReportsController#create as HTML
  Parameters: {"plague_report"=>{"quantity"=>10, "reportDate"=>"2018-04-22", "description"=>"Esta chimbada se prendió because has 10 of 13 beibi"}, "groove_id"=>"1"}
  [1m[35m (0.2ms)[0m  [1m[36mbegin transaction[0m
  [1m[35m (0.1ms)[0m  [1m[31mrollback transaction[0m
  Rendering plague_reports/create.html.erb within layouts/application
  Rendered plague_reports/create.html.erb within layouts/application (0.6ms)
  Rendered partials/_navbar.html.erb (2.3ms)
Completed 200 OK in 215ms (Views: 176.7ms | ActiveRecord: 3.1ms)


  [1m[35m (2.4ms)[0m  [1m[34mSELECT COUNT(*) FROM "plague_reports"[0m
  [1m[36mGroove Load (1.0ms)[0m  [1m[34mSELECT  "grooves".* FROM "grooves" ORDER BY "grooves"."id" DESC LIMIT ?[0m  [["LIMIT", 1]]
Started POST "/grooves/1/reports" for 127.0.0.1 at 2018-04-21 10:39:07 -0500
Processing by PlagueReportsController#create as HTML
  Parameters: {"plague_report"=>{"quantity"=>10, "reportDate"=>"2018-04-22", "description"=>"Esta chimbada se prendió because has 10 of 13 beibi"}, "groove_id"=>"1"}
  [1m[36mGroove Load (0.9ms)[0m  [1m[34mSELECT  "grooves".* FROM "grooves" WHERE "grooves"."id" = ? LIMIT ?[0m  [["id", 1], ["LIMIT", 1]]
  [1m[35m (0.1ms)[0m  [1m[36mbegin transaction[0m
  [1m[35mSQL (5.0ms)[0m  [1m[32mINSERT INTO "plague_reports" ("quantity", "reportDate", "description", "groove_id", "created_at", "updated_at") VALUES (?, ?, ?, ?, ?, ?)[0m  [["quantity", 10], ["reportDate", "2018-04-22"], ["description", "Esta chimbada se prendió because has 10 of 13 beibi"], ["groove_id", 1], ["created_at", "2018-04-21 15:39:07.788354"], ["updated_at", "2018-04-21 15:39:07.788354"]]
  [1m[35m (4.2ms)[0m  [1m[36mcommit transaction[0m
  Rendering plague_reports/create.html.erb within layouts/application
  Rendered plague_reports/create.html.erb within layouts/application (0.9ms)
  Rendered partials/_navbar.html.erb (2.3ms)
Completed 200 OK in 217ms (Views: 151.8ms | ActiveRecord: 12.1ms)


  [1m[35m (2.1ms)[0m  [1m[34mSELECT COUNT(*) FROM "plague_reports"[0m
Started POST "/grooves/1/reports" for 127.0.0.1 at 2018-04-21 10:41:49 -0500
Processing by PlagueReportsController#create as */*
  Parameters: {"plague_report"=>{"quantity"=>10, "reportDate"=>"2018-04-22", "description"=>"Esta chimbada se prendió because has 10 of 13 beibi"}, "groove_id"=>"1"}
  [1m[36mGroove Load (0.3ms)[0m  [1m[34mSELECT  "grooves".* FROM "grooves" WHERE "grooves"."id" = ? LIMIT ?[0m  [["id", 1], ["LIMIT", 1]]
  [1m[35m (0.2ms)[0m  [1m[36mbegin transaction[0m
  [1m[35mSQL (0.6ms)[0m  [1m[32mINSERT INTO "plague_reports" ("quantity", "reportDate", "description", "groove_id", "created_at", "updated_at") VALUES (?, ?, ?, ?, ?, ?)[0m  [["quantity", 10], ["reportDate", "2018-04-22"], ["description", "Esta chimbada se prendió because has 10 of 13 beibi"], ["groove_id", 1], ["created_at", "2018-04-21 15:41:50.190271"], ["updated_at", "2018-04-21 15:41:50.190271"]]
  [1m[35m (4.0ms)[0m  [1m[36mcommit transaction[0m
  Rendering plague_reports/create.html.erb within layouts/application
  Rendered plague_reports/create.html.erb within layouts/application (1.0ms)
  Rendered partials/_navbar.html.erb (1.9ms)
Completed 200 OK in 410ms (Views: 287.6ms | ActiveRecord: 7.6ms)


Started POST "/grooves/1/reports" for 127.0.0.1 at 2018-04-21 10:42:32 -0500
Processing by PlagueReportsController#create as HTML
  Parameters: {"plague_report"=>{"quantity"=>10, "reportDate"=>"2018-04-22", "description"=>"Esta chimbada se prendió because has 10 of 13 beibi"}, "groove_id"=>"1"}
Can't verify CSRF token authenticity.
  [1m[36mGroove Load (0.2ms)[0m  [1m[34mSELECT  "grooves".* FROM "grooves" WHERE "grooves"."id" = ? LIMIT ?[0m  [["id", 1], ["LIMIT", 1]]
  [1m[35m (0.1ms)[0m  [1m[36mbegin transaction[0m
  [1m[35mSQL (0.5ms)[0m  [1m[32mINSERT INTO "plague_reports" ("quantity", "reportDate", "description", "groove_id", "created_at", "updated_at") VALUES (?, ?, ?, ?, ?, ?)[0m  [["quantity", 10], ["reportDate", "2018-04-22"], ["description", "Esta chimbada se prendió because has 10 of 13 beibi"], ["groove_id", 1], ["created_at", "2018-04-21 15:42:32.992696"], ["updated_at", "2018-04-21 15:42:32.992696"]]
  [1m[35m (2.6ms)[0m  [1m[36mcommit transaction[0m
  Rendering plague_reports/create.html.erb within layouts/application
  Rendered plague_reports/create.html.erb within layouts/application (1.3ms)
  Rendered partials/_navbar.html.erb (2.3ms)
Completed 200 OK in 236ms (Views: 173.4ms | ActiveRecord: 6.1ms)


  [1m[35m (1.6ms)[0m  [1m[34mSELECT COUNT(*) FROM "plague_reports"[0m
Started POST "/grooves/1/reports" for 127.0.0.1 at 2018-04-21 10:42:46 -0500
Processing by PlagueReportsController#create as HTML
  Parameters: {"plague_report"=>{"quantity"=>10, "reportDate"=>"2018-04-22", "description"=>"Esta chimbada se prendió because has 10 of 13 beibi"}, "groove_id"=>"1"}
Can't verify CSRF token authenticity.
  [1m[36mGroove Load (0.2ms)[0m  [1m[34mSELECT  "grooves".* FROM "grooves" WHERE "grooves"."id" = ? LIMIT ?[0m  [["id", 1], ["LIMIT", 1]]
  [1m[35m (0.1ms)[0m  [1m[36mbegin transaction[0m
  [1m[35mSQL (0.6ms)[0m  [1m[32mINSERT INTO "plague_reports" ("quantity", "reportDate", "description", "groove_id", "created_at", "updated_at") VALUES (?, ?, ?, ?, ?, ?)[0m  [["quantity", 10], ["reportDate", "2018-04-22"], ["description", "Esta chimbada se prendió because has 10 of 13 beibi"], ["groove_id", 1], ["created_at", "2018-04-21 15:42:46.055118"], ["updated_at", "2018-04-21 15:42:46.055118"]]
  [1m[35m (1.0ms)[0m  [1m[36mcommit transaction[0m
  Rendering plague_reports/create.html.erb within layouts/application
  Rendered plague_reports/create.html.erb within layouts/application (0.6ms)
  Rendered partials/_navbar.html.erb (6.8ms)
Completed 200 OK in 227ms (Views: 212.6ms | ActiveRecord: 2.0ms)


  [1m[35m (0.3ms)[0m  [1m[34mSELECT COUNT(*) FROM "plague_reports"[0m
